http://altay.megafon.ru/corporate/mobile/tariffs/alltariffs/corp_unlimited/
http://amur.megafon.ru/corporate/mobile/tariffs/alltariffs/corp_unlimited/
http://arhangelsk.megafon.ru/corporate/mobile/tariffs/alltariffs/corp_unlimited/
http://astrakhan.megafon.ru/corporate/mobile/tariffs/alltariffs/corp_unlimited/
http://bel.megafon.ru/corporate/mobile/tariffs/alltariffs/corp_unlimited/
http://brn.megafon.ru/corporate/mobile/tariffs/alltariffs/corp_unlimited/
http://vl.megafon.ru/corporate/mobile/tariffs/alltariffs/corp_unlimited/
http://volgograd.megafon.ru/corporate/mobile/tariffs/alltariffs/corp_unlimited/
http://vologda.megafon.ru/corporate/mobile/tariffs/alltariffs/corp_unlimited/
http://vrn.megafon.ru/corporate/mobile/tariffs/alltariffs/corp_unlimited/
http://eao.megafon.ru/corporate/mobile/tariffs/alltariffs/corp_unlimited/
http://chita.megafon.ru/corporate/mobile/tariffs/alltariffs/corp_unlimited/
http://iv.megafon.ru/corporate/mobile/tariffs/alltariffs/corp_unlimited/
http://irkutsk.megafon.ru/corporate/mobile/tariffs/alltariffs/corp_unlimited/
http://kbr.megafon.ru/corporate/mobile/tariffs/alltariffs/corp_unlimited/
http://kaliningrad.megafon.ru/corporate/mobile/tariffs/alltariffs/corp_unlimited/
http://klg.megafon.ru/corporate/mobile/tariffs/alltariffs/corp_unlimited/
http://kamchatka.megafon.ru/corporate/mobile/tariffs/alltariffs/corp_unlimited/
http://kchr.megafon.ru/corporate/mobile/tariffs/alltariffs/corp_unlimited/
http://kem.megafon.ru/corporate/mobile/tariffs/alltariffs/corp_unlimited/
http://kirov.megafon.ru/corporate/mobile/tariffs/alltariffs/corp_unlimited/
http://kstr.megafon.ru/corporate/mobile/tariffs/alltariffs/corp_unlimited/
http://krasnodar.megafon.ru/corporate/mobile/tariffs/alltariffs/corp_unlimited/
http://kras.megafon.ru/corporate/mobile/tariffs/alltariffs/corp_unlimited/
http://kurgan.megafon.ru/corporate/mobile/tariffs/alltariffs/corp_unlimited/
http://ks.megafon.ru/corporate/mobile/tariffs/alltariffs/corp_unlimited/
http://lc.megafon.ru/corporate/mobile/tariffs/alltariffs/corp_unlimited/
http://magadan.megafon.ru/corporate/mobile/tariffs/alltariffs/corp_unlimited/
http://moscow.megafon.ru/corporate/mobile/tariffs/alltariffs/corp_unlimited/
http://murmansk.megafon.ru/corporate/mobile/tariffs/alltariffs/corp_unlimited/
http://nn.megafon.ru/corporate/mobile/tariffs/alltariffs/corp_unlimited/
http://novgorod.megafon.ru/corporate/mobile/tariffs/alltariffs/corp_unlimited/
http://nsk.megafon.ru/corporate/mobile/tariffs/alltariffs/corp_unlimited/
http://omsk.megafon.ru/corporate/mobile/tariffs/alltariffs/corp_unlimited/
http://orenburg.megafon.ru/corporate/mobile/tariffs/alltariffs/corp_unlimited/
http://orl.megafon.ru/corporate/mobile/tariffs/alltariffs/corp_unlimited/
http://penza.megafon.ru/corporate/mobile/tariffs/alltariffs/corp_unlimited/
http://perm.megafon.ru/corporate/mobile/tariffs/alltariffs/corp_unlimited/
http://prim.megafon.ru/corporate/mobile/tariffs/alltariffs/corp_unlimited/
http://pskov.megafon.ru/corporate/mobile/tariffs/alltariffs/corp_unlimited/
http://adygea.megafon.ru/corporate/mobile/tariffs/alltariffs/corp_unlimited/
http://altrep.megafon.ru/corporate/mobile/tariffs/alltariffs/corp_unlimited/
http://bashkortostan.megafon.ru/corporate/mobile/tariffs/alltariffs/corp_unlimited/
http://buryatia.megafon.ru/corporate/mobile/tariffs/alltariffs/corp_unlimited/
http://dagestan.megafon.ru/corporate/mobile/tariffs/alltariffs/corp_unlimited/
http://ingushetia.megafon.ru/corporate/mobile/tariffs/alltariffs/corp_unlimited/
http://kalmykia.megafon.ru/corporate/mobile/tariffs/alltariffs/corp_unlimited/
http://karelia.megafon.ru/corporate/mobile/tariffs/alltariffs/corp_unlimited/
http://komi.megafon.ru/corporate/mobile/tariffs/alltariffs/corp_unlimited/
http://mariel.megafon.ru/corporate/mobile/tariffs/alltariffs/corp_unlimited/
http://mordovia.megafon.ru/corporate/mobile/tariffs/alltariffs/corp_unlimited/
http://sakha.megafon.ru/corporate/mobile/tariffs/alltariffs/corp_unlimited/
http://alania.megafon.ru/corporate/mobile/tariffs/alltariffs/corp_unlimited/
http://tatarstan.megafon.ru/corporate/mobile/tariffs/alltariffs/corp_unlimited/
http://tyva.megafon.ru/corporate/mobile/tariffs/alltariffs/corp_unlimited/
http://udm.megafon.ru/corporate/mobile/tariffs/alltariffs/corp_unlimited/
http://hakas.megafon.ru/corporate/mobile/tariffs/alltariffs/corp_unlimited/
http://rostov.megafon.ru/corporate/mobile/tariffs/alltariffs/corp_unlimited/
http://rzn.megafon.ru/corporate/mobile/tariffs/alltariffs/corp_unlimited/
http://samara.megafon.ru/corporate/mobile/tariffs/alltariffs/corp_unlimited/
http://spb.megafon.ru/corporate/mobile/tariffs/alltariffs/corp_unlimited/
http://saratov.megafon.ru/corporate/mobile/tariffs/alltariffs/corp_unlimited/
http://skh.megafon.ru/corporate/mobile/tariffs/alltariffs/corp_unlimited/
http://svr.megafon.ru/corporate/mobile/tariffs/alltariffs/corp_unlimited/
http://sml.megafon.ru/corporate/mobile/tariffs/alltariffs/corp_unlimited/
http://stavropol.megafon.ru/corporate/mobile/tariffs/alltariffs/corp_unlimited/
http://tmb.megafon.ru/corporate/mobile/tariffs/alltariffs/corp_unlimited/
http://tver.megafon.ru/corporate/mobile/tariffs/alltariffs/corp_unlimited/
http://tom.megafon.ru/corporate/mobile/tariffs/alltariffs/corp_unlimited/
http://tula.megafon.ru/corporate/mobile/tariffs/alltariffs/corp_unlimited/
http://tyumen.megafon.ru/corporate/mobile/tariffs/alltariffs/corp_unlimited/
http://ulyanovsk.megafon.ru/corporate/mobile/tariffs/alltariffs/corp_unlimited/
http://khb.megafon.ru/corporate/mobile/tariffs/alltariffs/corp_unlimited/
http://xmao.megafon.ru/corporate/mobile/tariffs/alltariffs/corp_unlimited/
http://chel.megafon.ru/corporate/mobile/tariffs/alltariffs/corp_unlimited/
http://chechnya.megafon.ru/corporate/mobile/tariffs/alltariffs/corp_unlimited/
http://chuvashia.megafon.ru/corporate/mobile/tariffs/alltariffs/corp_unlimited/
http://chukotka.megafon.ru/corporate/mobile/tariffs/alltariffs/corp_unlimited/
http://yanao.megafon.ru/corporate/mobile/tariffs/alltariffs/corp_unlimited/
http://yar.megafon.ru/corporate/mobile/tariffs/alltariffs/corp_unlimited/
